<?xml version="1.0" encoding="UTF-8"?>
<!-- Generated by org.testng.reporters.JUnitReportReporter -->
<testsuite hostname="RitSanEvan" failures="0" tests="2" name="test.com.testR6" time="0.008" errors="0" timestamp="2023-04-27T22:22:05 CDT" skipped="0">
  <testcase classname="test.com.testR6" name="testcaseA" time="0.007"/>
  <system-out/>
  <testcase classname="test.com.testR6" name="testcaseB" time="0.001"/>
  <system-out/>
</testsuite> <!-- test.com.testR6 -->
