<?xml version="1.0" encoding="UTF-8"?>
<!-- Generated by org.testng.reporters.JUnitReportReporter -->
<testsuite hostname="RitSanEvan" failures="0" tests="4" name="testcases.LoginTestcases" time="0.407" errors="0" timestamp="2023-05-08T17:10:34 CDT" skipped="0">
  <testcase classname="testcases.LoginTestcases" name="validateLogo" time="0.027"/>
  <system-out/>
  <testcase classname="testcases.LoginTestcases" name="InvalidLogin" time="0.229"/>
  <system-out/>
  <testcase classname="testcases.LoginTestcases" name="validLogin" time="0.145"/>
  <system-out/>
  <testcase classname="testcases.LoginTestcases" name="validateTitle" time="0.006"/>
  <system-out/>
</testsuite> <!-- testcases.LoginTestcases -->
