<?xml version="1.0" encoding="UTF-8"?>
<!-- Generated by org.testng.reporters.JUnitReportReporter -->
<testsuite hostname="RitSanEvan" failures="0" tests="6" name="test.com.testR9b_7" time="3.090" errors="0" timestamp="2023-05-01T12:57:51 CDT" skipped="5">
  <testcase classname="test.com.testR9b_7" name="verifynavoptions" time="3.090"/>
  <system-out/>
  <testcase classname="test.com.testR9b_7" name="fullOrderFlow">
    <skipped/>
  </testcase> <!-- fullOrderFlow -->
  <system-out/>
  <testcase classname="test.com.testR9b_7" name="testcaseLogin">
    <skipped/>
  </testcase> <!-- testcaseLogin -->
  <system-out/>
  <testcase classname="test.com.testR9b_7" name="testcaseLogo">
    <skipped/>
  </testcase> <!-- testcaseLogo -->
  <system-out/>
  <testcase classname="test.com.testR9b_7" name="priceatChkoutCalc">
    <skipped/>
  </testcase> <!-- priceatChkoutCalc -->
  <system-out/>
  <testcase classname="test.com.testR9b_7" name="verifyAddtoCart">
    <skipped/>
  </testcase> <!-- verifyAddtoCart -->
  <system-out/>
</testsuite> <!-- test.com.testR9b_7 -->
