<?xml version="1.0" encoding="UTF-8"?>
<!-- Generated by org.testng.reporters.JUnitReportReporter -->
<testsuite hostname="RitSanEvan" failures="0" tests="4" name="test.com.testR10" time="16.562" errors="0" timestamp="2023-05-01T15:50:58 CDT" skipped="0">
  <testcase classname="test.com.testR10" name="verifySortAtoZ" time="4.828"/>
  <system-out/>
  <testcase classname="test.com.testR10" name="verifySortZtoA" time="3.957"/>
  <system-out/>
  <testcase classname="test.com.testR10" name="verifyPriceLowtoHigh" time="3.959"/>
  <system-out/>
  <testcase classname="test.com.testR10" name="verifyPriceHightoLow" time="3.818"/>
  <system-out/>
</testsuite> <!-- test.com.testR10 -->
