<?xml version="1.0" encoding="UTF-8"?>
<!-- Generated by org.testng.reporters.JUnitReportReporter -->
<testsuite hostname="RitSanEvan" failures="0" tests="2" name="test.com.testR5" time="0.012" errors="0" timestamp="2023-04-27T12:28:57 CDT" skipped="0">
  <testcase classname="test.com.testR5" name="testcase3" time="0.010"/>
  <system-out/>
  <testcase classname="test.com.testR5" name="testcase4" time="0.002"/>
  <system-out/>
</testsuite> <!-- test.com.testR5 -->
