<?xml version="1.0" encoding="UTF-8"?>
<!-- Generated by org.testng.reporters.JUnitReportReporter -->
<testsuite hostname="RitSanEvan" failures="0" tests="2" name="test.com.testR2" time="0.003" errors="0" timestamp="2023-04-27T11:38:24 CDT" skipped="0">
  <testcase classname="test.com.testR2" name="login" time="0.002"/>
  <system-out/>
  <testcase classname="test.com.testR2" name="logout" time="0.001"/>
  <system-out/>
</testsuite> <!-- test.com.testR2 -->
