<?xml version="1.0" encoding="UTF-8"?>
<!-- Generated by org.testng.reporters.JUnitReportReporter -->
<testsuite hostname="RitSanEvan" failures="0" tests="2" name="test.com.test0R1" time="0.014" errors="0" timestamp="2023-05-01T13:39:45 CDT" skipped="0">
  <testcase classname="test.com.test0R1" name="loginTest" time="0.006"/>
  <system-out/>
  <testcase classname="test.com.test0R1" name="logoutTest" time="0.008"/>
  <system-out/>
</testsuite> <!-- test.com.test0R1 -->
