<?xml version="1.0" encoding="UTF-8"?>
<!-- Generated by org.testng.reporters.JUnitReportReporter -->
<testsuite hostname="RitSanEvan" failures="0" tests="1" name="test.com.saucedemo2" time="2.891" errors="0" timestamp="2023-04-29T09:21:45 CDT" skipped="0">
  <testcase classname="test.com.saucedemo2" name="validatetotalproducts" time="2.891"/>
  <system-out/>
</testsuite> <!-- test.com.saucedemo2 -->
