<?xml version="1.0" encoding="UTF-8"?>
<!-- Generated by org.testng.reporters.JUnitReportReporter -->
<testsuite hostname="RitSanEvan" failures="0" tests="1" name="test.com.testR07saucedemo" time="3.197" errors="0" timestamp="2023-05-02T09:37:50 CDT" skipped="0">
  <testcase classname="test.com.testR07saucedemo" name="validatetotalproducts" time="3.197"/>
  <system-out/>
</testsuite> <!-- test.com.testR07saucedemo -->
