<?xml version="1.0" encoding="UTF-8"?>
<!-- Generated by org.testng.reporters.JUnitReportReporter -->
<testsuite hostname="RitSanEvan" failures="0" tests="2" name="test.com.testR06parameters" time="0.009" errors="0" timestamp="2023-05-29T13:57:01 CDT" skipped="0">
  <testcase classname="test.com.testR06parameters" name="testcaseB" time="0.000"/>
  <system-out/>
  <testcase classname="test.com.testR06parameters" name="testcaseA" time="0.009"/>
  <system-out/>
</testsuite> <!-- test.com.testR06parameters -->
