<?xml version="1.0" encoding="UTF-8"?>
<!-- Generated by org.testng.reporters.JUnitReportReporter -->
<testsuite hostname="RitSanEvan" failures="0" tests="3" name="test.com.jQuerydroppable" time="5.660" errors="0" timestamp="2023-05-02T21:01:15 CDT" skipped="0">
  <testcase classname="test.com.jQuerydroppable" name="getTitle" time="2.963"/>
  <system-out/>
  <testcase classname="test.com.jQuerydroppable" name="currentUrl" time="0.010"/>
  <system-out/>
  <testcase classname="test.com.jQuerydroppable" name="dragNdrop" time="2.687"/>
  <system-out/>
</testsuite> <!-- test.com.jQuerydroppable -->
