<?xml version="1.0" encoding="UTF-8"?>
<!-- Generated by org.testng.reporters.JUnitReportReporter -->
<testsuite hostname="RitSanEvan" failures="0" tests="1" name="test.com.testR3" time="0.007" errors="0" timestamp="2023-04-27T11:52:21 CDT" skipped="0">
  <testcase classname="test.com.testR3" name="testcase1" time="0.007"/>
  <system-out/>
</testsuite> <!-- test.com.testR3 -->
