<?xml version="1.0" encoding="UTF-8"?>
<!-- Generated by org.testng.reporters.JUnitReportReporter -->
<testsuite hostname="RitSanEvan" failures="0" tests="5" name="test.com.testR4" time="0.014" errors="0" timestamp="2023-04-27T12:03:18 CDT" skipped="0">
  <testcase classname="test.com.testR4" name="da" time="0.009"/>
  <system-out/>
  <testcase classname="test.com.testR4" name="nopriority" time="0.001"/>
  <system-out/>
  <testcase classname="test.com.testR4" name="ca" time="0.001"/>
  <system-out/>
  <testcase classname="test.com.testR4" name="alpha" time="0.002"/>
  <system-out/>
  <testcase classname="test.com.testR4" name="beta" time="0.001"/>
  <system-out/>
</testsuite> <!-- test.com.testR4 -->
