<?xml version="1.0" encoding="UTF-8"?>
<!-- Generated by org.testng.reporters.JUnitReportReporter -->
<testsuite hostname="RitSanEvan" failures="0" tests="5" name="test.com.testR04priority" time="0.014" errors="0" timestamp="2023-05-29T13:52:17 CDT" skipped="0">
  <testcase classname="test.com.testR04priority" name="da" time="0.010"/>
  <system-out/>
  <testcase classname="test.com.testR04priority" name="ca" time="0.002"/>
  <system-out/>
  <testcase classname="test.com.testR04priority" name="nopriority" time="0.000"/>
  <system-out/>
  <testcase classname="test.com.testR04priority" name="alpha" time="0.001"/>
  <system-out/>
  <testcase classname="test.com.testR04priority" name="beta" time="0.001"/>
  <system-out/>
</testsuite> <!-- test.com.testR04priority -->
