<?xml version="1.0" encoding="UTF-8"?>
<!-- Generated by org.testng.reporters.JUnitReportReporter -->
<testsuite hostname="RitSanEvan" failures="0" tests="6" name="test.com.testR05groups" time="0.016" errors="0" timestamp="2023-06-13T22:01:38 CDT" skipped="0">
  <testcase classname="test.com.testR05groups" name="testcase1" time="0.010"/>
  <system-out/>
  <testcase classname="test.com.testR05groups" name="testcase5" time="0.001"/>
  <system-out/>
  <testcase classname="test.com.testR05groups" name="testcase3" time="0.001"/>
  <system-out/>
  <testcase classname="test.com.testR05groups" name="testcase2" time="0.001"/>
  <system-out/>
  <testcase classname="test.com.testR05groups" name="testcase4" time="0.002"/>
  <system-out/>
  <testcase classname="test.com.testR05groups" name="testcase6" time="0.001"/>
  <system-out/>
</testsuite> <!-- test.com.testR05groups -->
