<?xml version="1.0" encoding="UTF-8"?>
<!-- Generated by org.testng.reporters.JUnitReportReporter -->
<testsuite hostname="RitSanEvan" failures="0" tests="1" name="test.com.testR15" time="2.508" errors="0" timestamp="2023-05-05T15:49:06 CDT" skipped="0">
  <testcase classname="test.com.testR15" name="getScreenshot" time="2.508"/>
  <system-out/>
</testsuite> <!-- test.com.testR15 -->
