<?xml version="1.0" encoding="UTF-8"?>
<!-- Generated by org.testng.reporters.JUnitReportReporter -->
<testsuite hostname="RitSanEvan" failures="0" tests="2" name="test.com.test0R2" time="0.012" errors="0" timestamp="2023-05-29T13:50:51 CDT" skipped="0">
  <testcase classname="test.com.test0R2" name="logout" time="0.005"/>
  <system-out/>
  <testcase classname="test.com.test0R2" name="login" time="0.007"/>
  <system-out/>
</testsuite> <!-- test.com.test0R2 -->
