<?xml version="1.0" encoding="UTF-8"?>
<!-- Generated by org.testng.reporters.JUnitReportReporter -->
<testsuite hostname="RitSanEvan" failures="0" tests="2" name="test.com.testR05groups" time="0.009" errors="0" timestamp="2023-05-29T13:58:21 CDT" skipped="0">
  <testcase classname="test.com.testR05groups" name="testcase3" time="0.008"/>
  <system-out/>
  <testcase classname="test.com.testR05groups" name="testcase4" time="0.001"/>
  <system-out/>
</testsuite> <!-- test.com.testR05groups -->
