<?xml version="1.0" encoding="UTF-8"?>
<!-- Generated by org.testng.reporters.JUnitReportReporter -->
<testsuite hostname="RitSanEvan" failures="0" tests="1" name="test.com.testR7saucedemo" time="2.690" errors="0" timestamp="2023-04-29T15:44:33 CDT" skipped="0">
  <testcase classname="test.com.testR7saucedemo" name="validatetotalproducts" time="2.690"/>
  <system-out/>
</testsuite> <!-- test.com.testR7saucedemo -->
