<?xml version="1.0" encoding="UTF-8"?>
<!-- Generated by org.testng.reporters.JUnitReportReporter -->
<testsuite hostname="RitSanEvan" failures="0" tests="2" name="test.com.testR1" time="0.011" errors="0" timestamp="2023-04-27T11:38:24 CDT" skipped="0">
  <testcase classname="test.com.testR1" name="loginTest" time="0.006"/>
  <system-out/>
  <testcase classname="test.com.testR1" name="logoutTest" time="0.005"/>
  <system-out/>
</testsuite> <!-- test.com.testR1 -->
